[17:46:38] [main/INFO] [FML]: Ignoring missing certificate for coremod FMLCorePlugin (net.minecraftforge.fml.relauncher.FMLCorePlugin), we are in deobf and it's a forge core plugin
[17:46:38] [main/INFO] [FML]: Ignoring missing certificate for coremod FMLForgePlugin (net.minecraftforge.classloading.FMLForgePlugin), we are in deobf and it's a forge core plugin
[17:46:38] [main/INFO] [FML]: Found a command line coremod : valkyrienwarfare.mixin.MixinLoaderForge
[17:46:38] [main/WARN] [FML]: The coremod valkyrienwarfare.mixin.MixinLoaderForge does not have a MCVersion annotation, it may cause issues with this version of Minecraft
[17:46:38] [main/INFO] [FML]: Ignoring missing certificate for coremod MixinLoaderForge (valkyrienwarfare.mixin.MixinLoaderForge), as this is probably a dev workspace
[17:46:38] [main/INFO] [STDOUT]: [valkyrienwarfare.mixin.MixinLoaderForge:<init>:31]: 


Valkyrien Warfare mixin init


[17:46:39] [main/INFO] [mixin]: SpongePowered MIXIN Subsystem Version=0.7.11 Source=file:/C:/Users/Shuzhang/.gradle/caches/minecraft/deobfedDeps/deobf/com/ice2670/nVW/1.1/nVW-1.1.jar Service=LaunchWrapper Env=CLIENT
[17:46:39] [main/INFO] [mixin]: Compatibility level set to JAVA_8
[17:46:39] [main/ERROR] [mixin]: Mixin config mixins.valkyrienwarfare.json does not specify "minVersion" property
[17:46:39] [main/ERROR] [mixin]: Mixin config mixins.valkyrienwarfare.json does not specify "minVersion" property
[17:46:39] [main/INFO] [STDOUT]: [valkyrienwarfare.mixin.MixinLoaderForge:<init>:35]: searge
[17:46:39] [main/INFO] [FML]: Searching D:\minecraft modding\PlasmaEnginesAddon\.\mods for mods
[17:46:39] [main/INFO] [LaunchWrapper]: Calling tweak class net.minecraftforge.gradle.tweakers.CoremodTweaker
[17:46:39] [main/INFO] [GradleStart]: Injecting location in coremod net.minecraftforge.fml.relauncher.FMLCorePlugin
[17:46:39] [main/INFO] [GradleStart]: Injecting location in coremod net.minecraftforge.classloading.FMLForgePlugin
[17:46:39] [main/INFO] [GradleStart]: Injecting location in coremod valkyrienwarfare.mixin.MixinLoaderForge
[17:46:39] [main/INFO] [LaunchWrapper]: Loading tweak class name net.minecraftforge.fml.common.launcher.FMLInjectionAndSortingTweaker
[17:46:39] [main/INFO] [LaunchWrapper]: Loading tweak class name org.spongepowered.asm.mixin.EnvironmentStateTweaker
[17:46:39] [main/INFO] [LaunchWrapper]: Loading tweak class name net.minecraftforge.fml.common.launcher.FMLDeobfTweaker
[17:46:39] [main/INFO] [LaunchWrapper]: Loading tweak class name net.minecraftforge.gradle.tweakers.AccessTransformerTweaker
[17:46:39] [main/INFO] [LaunchWrapper]: Calling tweak class net.minecraftforge.fml.common.launcher.FMLInjectionAndSortingTweaker
[17:46:39] [main/INFO] [LaunchWrapper]: Calling tweak class net.minecraftforge.fml.common.launcher.FMLInjectionAndSortingTweaker
[17:46:39] [main/INFO] [LaunchWrapper]: Calling tweak class net.minecraftforge.fml.relauncher.CoreModManager$FMLPluginWrapper
[17:46:43] [main/ERROR] [FML]: FML appears to be missing any signature data. This is not a good thing
[17:46:43] [main/INFO] [LaunchWrapper]: Calling tweak class net.minecraftforge.fml.relauncher.CoreModManager$FMLPluginWrapper
[17:46:43] [main/INFO] [LaunchWrapper]: Calling tweak class net.minecraftforge.fml.relauncher.CoreModManager$FMLPluginWrapper
[17:46:43] [main/INFO] [LaunchWrapper]: Calling tweak class org.spongepowered.asm.mixin.EnvironmentStateTweaker
[17:46:43] [main/INFO] [mixin]: Initialised Mixin FML Remapper Adapter with net.minecraftforge.fml.common.asm.transformers.deobf.FMLDeobfuscatingRemapper@39a3984c
[17:46:43] [main/INFO] [LaunchWrapper]: Calling tweak class net.minecraftforge.fml.common.launcher.FMLDeobfTweaker
[17:46:44] [main/INFO] [LaunchWrapper]: Calling tweak class net.minecraftforge.gradle.tweakers.AccessTransformerTweaker
[17:46:44] [main/INFO] [GradleStart]: Remapping AccessTransformer rules...
[17:46:44] [main/INFO] [LaunchWrapper]: Loading tweak class name net.minecraftforge.fml.common.launcher.TerminalTweaker
[17:46:44] [main/INFO] [LaunchWrapper]: Calling tweak class net.minecraftforge.fml.common.launcher.TerminalTweaker
[17:46:44] [main/WARN] [FML]: ****************************************
[17:46:44] [main/WARN] [FML]: * Valkyrien Warfare has detected SpongeForge!
[17:46:44] [main/WARN] [FML]: *  at valkyrienwarfare.MixinLoadManager.onLoad(MixinLoadManager.java:42)
[17:46:44] [main/WARN] [FML]: *  at org.spongepowered.asm.mixin.transformer.MixinConfig.onSelect(MixinConfig.java:445)
[17:46:44] [main/WARN] [FML]: *  at org.spongepowered.asm.mixin.transformer.MixinTransformer.selectConfigs(MixinTransformer.java:608)
[17:46:44] [main/WARN] [FML]: *  at org.spongepowered.asm.mixin.transformer.MixinTransformer.select(MixinTransformer.java:570)
[17:46:44] [main/WARN] [FML]: *  at org.spongepowered.asm.mixin.transformer.MixinTransformer.checkSelect(MixinTransformer.java:548)
[17:46:44] [main/WARN] [FML]: *  at org.spongepowered.asm.mixin.transformer.MixinTransformer.transformClassBytes(MixinTransformer.java:451)...
[17:46:44] [main/WARN] [FML]: ****************************************
[17:46:44] [main/WARN] [mixin]: Reference map 'mixins.valkyrienwarfare.refmap.json' for mixins.valkyrienwarfare.json could not be read. If this is a development environment you can ignore this message
[17:46:45] [main/WARN] [mixin]: @Mixin target org.spongepowered.common.event.tracking.phase.packet.PacketPhaseUtil is public in mixins.valkyrienwarfare.json:spongepowered.common.network.MixinPacketUtil and should be specified in value
[17:46:45] [main/WARN] [FML]: ****************************************
[17:46:45] [main/WARN] [FML]: * Not loading valkyrienwarfare.mixin.world.MixinExplosion because SpongeForge is enabled!
[17:46:45] [main/WARN] [FML]: *  at valkyrienwarfare.MixinLoadManager.shouldApplyMixin(MixinLoadManager.java:56)
[17:46:45] [main/WARN] [FML]: *  at org.spongepowered.asm.mixin.transformer.MixinInfo.shouldApplyMixin(MixinInfo.java:902)
[17:46:45] [main/WARN] [FML]: *  at org.spongepowered.asm.mixin.transformer.MixinInfo.readTargets(MixinInfo.java:890)
[17:46:45] [main/WARN] [FML]: *  at org.spongepowered.asm.mixin.transformer.MixinInfo.readTargetClasses(MixinInfo.java:856)
[17:46:45] [main/WARN] [FML]: *  at org.spongepowered.asm.mixin.transformer.MixinInfo.<init>(MixinInfo.java:809)
[17:46:45] [main/WARN] [FML]: *  at org.spongepowered.asm.mixin.transformer.MixinConfig.prepareMixins(MixinConfig.java:569)...
[17:46:45] [main/WARN] [FML]: ****************************************
[17:46:46] [main/INFO] [LaunchWrapper]: Launching wrapped minecraft {net.minecraft.client.main.Main}
[17:46:46] [main/FATAL] [mixin]: Mixin apply failed mixins.valkyrienwarfare.json:world.MixinWorldClient -> net.minecraft.world.World: org.spongepowered.asm.mixin.transformer.throwables.InvalidMixinException @Shadow method getChunk in mixins.valkyrienwarfare.json:world.MixinWorldClient was not located in the target class net.minecraft.world.World. No refMap loaded.
org.spongepowered.asm.mixin.transformer.throwables.InvalidMixinException: @Shadow method getChunk in mixins.valkyrienwarfare.json:world.MixinWorldClient was not located in the target class net.minecraft.world.World. No refMap loaded.
	at org.spongepowered.asm.mixin.transformer.MixinPreProcessorStandard.attachSpecialMethod(MixinPreProcessorStandard.java:387) ~[nVW-1.1.jar:?]
	at org.spongepowered.asm.mixin.transformer.MixinPreProcessorStandard.attachShadowMethod(MixinPreProcessorStandard.java:360) ~[nVW-1.1.jar:?]
	at org.spongepowered.asm.mixin.transformer.MixinPreProcessorStandard.attachMethods(MixinPreProcessorStandard.java:293) ~[nVW-1.1.jar:?]
	at org.spongepowered.asm.mixin.transformer.MixinPreProcessorStandard.attach(MixinPreProcessorStandard.java:261) ~[nVW-1.1.jar:?]
	at org.spongepowered.asm.mixin.transformer.MixinPreProcessorStandard.createContextFor(MixinPreProcessorStandard.java:241) ~[nVW-1.1.jar:?]
	at org.spongepowered.asm.mixin.transformer.MixinInfo.createContextFor(MixinInfo.java:1144) ~[nVW-1.1.jar:?]
	at org.spongepowered.asm.mixin.transformer.MixinApplicatorStandard.apply(MixinApplicatorStandard.java:267) ~[nVW-1.1.jar:?]
	at org.spongepowered.asm.mixin.transformer.TargetClassContext.applyMixins(TargetClassContext.java:353) ~[nVW-1.1.jar:?]
	at org.spongepowered.asm.mixin.transformer.MixinTransformer.apply(MixinTransformer.java:724) [nVW-1.1.jar:?]
	at org.spongepowered.asm.mixin.transformer.MixinTransformer.applyMixins(MixinTransformer.java:703) [nVW-1.1.jar:?]
	at org.spongepowered.asm.mixin.transformer.MixinTransformer.transformClassBytes(MixinTransformer.java:509) [nVW-1.1.jar:?]
	at org.spongepowered.asm.mixin.transformer.Proxy.transform(Proxy.java:72) [nVW-1.1.jar:?]
	at net.minecraft.launchwrapper.LaunchClassLoader.runTransformers(LaunchClassLoader.java:279) [launchwrapper-1.12.jar:?]
	at net.minecraft.launchwrapper.LaunchClassLoader.findClass(LaunchClassLoader.java:176) [launchwrapper-1.12.jar:?]
	at java.lang.ClassLoader.loadClass(ClassLoader.java:424) [?:1.8.0_112]
	at java.lang.ClassLoader.loadClass(ClassLoader.java:357) [?:1.8.0_112]
	at net.minecraft.client.main.Main.main(Main.java:42) [Main.class:?]
	at sun.reflect.NativeMethodAccessorImpl.invoke0(Native Method) ~[?:1.8.0_112]
	at sun.reflect.NativeMethodAccessorImpl.invoke(NativeMethodAccessorImpl.java:62) ~[?:1.8.0_112]
	at sun.reflect.DelegatingMethodAccessorImpl.invoke(DelegatingMethodAccessorImpl.java:43) ~[?:1.8.0_112]
	at java.lang.reflect.Method.invoke(Method.java:498) ~[?:1.8.0_112]
	at net.minecraft.launchwrapper.Launch.launch(Launch.java:135) [launchwrapper-1.12.jar:?]
	at net.minecraft.launchwrapper.Launch.main(Launch.java:28) [launchwrapper-1.12.jar:?]
	at sun.reflect.NativeMethodAccessorImpl.invoke0(Native Method) ~[?:1.8.0_112]
	at sun.reflect.NativeMethodAccessorImpl.invoke(NativeMethodAccessorImpl.java:62) ~[?:1.8.0_112]
	at sun.reflect.DelegatingMethodAccessorImpl.invoke(DelegatingMethodAccessorImpl.java:43) ~[?:1.8.0_112]
	at java.lang.reflect.Method.invoke(Method.java:498) ~[?:1.8.0_112]
	at net.minecraftforge.gradle.GradleStartCommon.launch(GradleStartCommon.java:97) [start/:?]
	at GradleStart.main(GradleStart.java:25) [start/:?]
	at sun.reflect.NativeMethodAccessorImpl.invoke0(Native Method) ~[?:1.8.0_112]
	at sun.reflect.NativeMethodAccessorImpl.invoke(NativeMethodAccessorImpl.java:62) ~[?:1.8.0_112]
	at sun.reflect.DelegatingMethodAccessorImpl.invoke(DelegatingMethodAccessorImpl.java:43) ~[?:1.8.0_112]
	at java.lang.reflect.Method.invoke(Method.java:498) ~[?:1.8.0_112]
	at com.intellij.rt.execution.application.AppMain.main(AppMain.java:147) [idea_rt.jar:?]
[17:46:46] [main/INFO] [STDERR]: [org.spongepowered.asm.mixin.transformer.MixinTransformer:transformClassBytes:519]: org.spongepowered.asm.mixin.throwables.MixinApplyError: Mixin [mixins.valkyrienwarfare.json:world.MixinWorldClient] from phase [DEFAULT] in config [mixins.valkyrienwarfare.json] FAILED during APPLY
[17:46:46] [main/INFO] [STDERR]: [org.spongepowered.asm.mixin.transformer.MixinTransformer:transformClassBytes:519]: 	at org.spongepowered.asm.mixin.transformer.MixinTransformer.handleMixinError(MixinTransformer.java:779)
[17:46:46] [main/INFO] [STDERR]: [org.spongepowered.asm.mixin.transformer.MixinTransformer:transformClassBytes:519]: 	at org.spongepowered.asm.mixin.transformer.MixinTransformer.handleMixinApplyError(MixinTransformer.java:732)
[17:46:46] [main/INFO] [STDERR]: [org.spongepowered.asm.mixin.transformer.MixinTransformer:transformClassBytes:519]: 	at org.spongepowered.asm.mixin.transformer.MixinTransformer.transformClassBytes(MixinTransformer.java:513)
[17:46:46] [main/INFO] [STDERR]: [org.spongepowered.asm.mixin.transformer.MixinTransformer:transformClassBytes:519]: 	at org.spongepowered.asm.mixin.transformer.Proxy.transform(Proxy.java:72)
[17:46:46] [main/INFO] [STDERR]: [org.spongepowered.asm.mixin.transformer.MixinTransformer:transformClassBytes:519]: 	at net.minecraft.launchwrapper.LaunchClassLoader.runTransformers(LaunchClassLoader.java:279)
[17:46:46] [main/INFO] [STDERR]: [org.spongepowered.asm.mixin.transformer.MixinTransformer:transformClassBytes:519]: 	at net.minecraft.launchwrapper.LaunchClassLoader.findClass(LaunchClassLoader.java:176)
[17:46:46] [main/INFO] [STDERR]: [org.spongepowered.asm.mixin.transformer.MixinTransformer:transformClassBytes:519]: 	at java.lang.ClassLoader.loadClass(ClassLoader.java:424)
[17:46:46] [main/INFO] [STDERR]: [org.spongepowered.asm.mixin.transformer.MixinTransformer:transformClassBytes:519]: 	at java.lang.ClassLoader.loadClass(ClassLoader.java:357)
[17:46:46] [main/INFO] [STDERR]: [org.spongepowered.asm.mixin.transformer.MixinTransformer:transformClassBytes:519]: 	at net.minecraft.client.main.Main.main(Main.java:42)
[17:46:46] [main/INFO] [STDERR]: [org.spongepowered.asm.mixin.transformer.MixinTransformer:transformClassBytes:519]: 	at sun.reflect.NativeMethodAccessorImpl.invoke0(Native Method)
[17:46:46] [main/INFO] [STDERR]: [org.spongepowered.asm.mixin.transformer.MixinTransformer:transformClassBytes:519]: 	at sun.reflect.NativeMethodAccessorImpl.invoke(NativeMethodAccessorImpl.java:62)
[17:46:46] [main/INFO] [STDERR]: [org.spongepowered.asm.mixin.transformer.MixinTransformer:transformClassBytes:519]: 	at sun.reflect.DelegatingMethodAccessorImpl.invoke(DelegatingMethodAccessorImpl.java:43)
[17:46:46] [main/INFO] [STDERR]: [org.spongepowered.asm.mixin.transformer.MixinTransformer:transformClassBytes:519]: 	at java.lang.reflect.Method.invoke(Method.java:498)
[17:46:46] [main/INFO] [STDERR]: [org.spongepowered.asm.mixin.transformer.MixinTransformer:transformClassBytes:519]: 	at net.minecraft.launchwrapper.Launch.launch(Launch.java:135)
[17:46:46] [main/INFO] [STDERR]: [org.spongepowered.asm.mixin.transformer.MixinTransformer:transformClassBytes:519]: 	at net.minecraft.launchwrapper.Launch.main(Launch.java:28)
[17:46:46] [main/INFO] [STDERR]: [org.spongepowered.asm.mixin.transformer.MixinTransformer:transformClassBytes:519]: 	at sun.reflect.NativeMethodAccessorImpl.invoke0(Native Method)
[17:46:46] [main/INFO] [STDERR]: [org.spongepowered.asm.mixin.transformer.MixinTransformer:transformClassBytes:519]: 	at sun.reflect.NativeMethodAccessorImpl.invoke(NativeMethodAccessorImpl.java:62)
[17:46:46] [main/INFO] [STDERR]: [org.spongepowered.asm.mixin.transformer.MixinTransformer:transformClassBytes:519]: 	at sun.reflect.DelegatingMethodAccessorImpl.invoke(DelegatingMethodAccessorImpl.java:43)
[17:46:46] [main/INFO] [STDERR]: [org.spongepowered.asm.mixin.transformer.MixinTransformer:transformClassBytes:519]: 	at java.lang.reflect.Method.invoke(Method.java:498)
[17:46:46] [main/INFO] [STDERR]: [org.spongepowered.asm.mixin.transformer.MixinTransformer:transformClassBytes:519]: 	at net.minecraftforge.gradle.GradleStartCommon.launch(GradleStartCommon.java:97)
[17:46:46] [main/INFO] [STDERR]: [org.spongepowered.asm.mixin.transformer.MixinTransformer:transformClassBytes:519]: 	at GradleStart.main(GradleStart.java:25)
[17:46:46] [main/INFO] [STDERR]: [org.spongepowered.asm.mixin.transformer.MixinTransformer:transformClassBytes:519]: 	at sun.reflect.NativeMethodAccessorImpl.invoke0(Native Method)
[17:46:46] [main/INFO] [STDERR]: [org.spongepowered.asm.mixin.transformer.MixinTransformer:transformClassBytes:519]: 	at sun.reflect.NativeMethodAccessorImpl.invoke(NativeMethodAccessorImpl.java:62)
[17:46:46] [main/INFO] [STDERR]: [org.spongepowered.asm.mixin.transformer.MixinTransformer:transformClassBytes:519]: 	at sun.reflect.DelegatingMethodAccessorImpl.invoke(DelegatingMethodAccessorImpl.java:43)
[17:46:46] [main/INFO] [STDERR]: [org.spongepowered.asm.mixin.transformer.MixinTransformer:transformClassBytes:519]: 	at java.lang.reflect.Method.invoke(Method.java:498)
[17:46:46] [main/INFO] [STDERR]: [org.spongepowered.asm.mixin.transformer.MixinTransformer:transformClassBytes:519]: 	at com.intellij.rt.execution.application.AppMain.main(AppMain.java:147)
[17:46:46] [main/INFO] [STDERR]: [java.lang.Throwable:printStackTrace:634]: Caused by: org.spongepowered.asm.mixin.transformer.throwables.InvalidMixinException: @Shadow method getChunk in mixins.valkyrienwarfare.json:world.MixinWorldClient was not located in the target class net.minecraft.world.World. No refMap loaded.
[17:46:46] [main/INFO] [STDERR]: [java.lang.Throwable:printStackTrace:634]: 	at org.spongepowered.asm.mixin.transformer.MixinPreProcessorStandard.attachSpecialMethod(MixinPreProcessorStandard.java:387)
[17:46:46] [main/INFO] [STDERR]: [java.lang.Throwable:printStackTrace:634]: 	at org.spongepowered.asm.mixin.transformer.MixinPreProcessorStandard.attachShadowMethod(MixinPreProcessorStandard.java:360)
[17:46:46] [main/INFO] [STDERR]: [java.lang.Throwable:printStackTrace:634]: 	at org.spongepowered.asm.mixin.transformer.MixinPreProcessorStandard.attachMethods(MixinPreProcessorStandard.java:293)
[17:46:46] [main/INFO] [STDERR]: [java.lang.Throwable:printStackTrace:634]: 	at org.spongepowered.asm.mixin.transformer.MixinPreProcessorStandard.attach(MixinPreProcessorStandard.java:261)
[17:46:46] [main/INFO] [STDERR]: [java.lang.Throwable:printStackTrace:634]: 	at org.spongepowered.asm.mixin.transformer.MixinPreProcessorStandard.createContextFor(MixinPreProcessorStandard.java:241)
[17:46:46] [main/INFO] [STDERR]: [java.lang.Throwable:printStackTrace:634]: 	at org.spongepowered.asm.mixin.transformer.MixinInfo.createContextFor(MixinInfo.java:1144)
[17:46:46] [main/INFO] [STDERR]: [java.lang.Throwable:printStackTrace:634]: 	at org.spongepowered.asm.mixin.transformer.MixinApplicatorStandard.apply(MixinApplicatorStandard.java:267)
[17:46:46] [main/INFO] [STDERR]: [java.lang.Throwable:printStackTrace:634]: 	at org.spongepowered.asm.mixin.transformer.TargetClassContext.applyMixins(TargetClassContext.java:353)
[17:46:46] [main/INFO] [STDERR]: [java.lang.Throwable:printStackTrace:634]: 	at org.spongepowered.asm.mixin.transformer.MixinTransformer.apply(MixinTransformer.java:724)
[17:46:46] [main/INFO] [STDERR]: [java.lang.Throwable:printStackTrace:634]: 	at org.spongepowered.asm.mixin.transformer.MixinTransformer.applyMixins(MixinTransformer.java:703)
[17:46:46] [main/INFO] [STDERR]: [java.lang.Throwable:printStackTrace:634]: 	at org.spongepowered.asm.mixin.transformer.MixinTransformer.transformClassBytes(MixinTransformer.java:509)
[17:46:46] [main/INFO] [STDERR]: [java.lang.Throwable:printStackTrace:634]: 	... 23 more
[17:46:46] [main/ERROR] [LaunchWrapper]: Unable to launch
java.lang.reflect.InvocationTargetException: null
	at sun.reflect.NativeMethodAccessorImpl.invoke0(Native Method) ~[?:1.8.0_112]
	at sun.reflect.NativeMethodAccessorImpl.invoke(NativeMethodAccessorImpl.java:62) ~[?:1.8.0_112]
	at sun.reflect.DelegatingMethodAccessorImpl.invoke(DelegatingMethodAccessorImpl.java:43) ~[?:1.8.0_112]
	at java.lang.reflect.Method.invoke(Method.java:498) ~[?:1.8.0_112]
	at net.minecraft.launchwrapper.Launch.launch(Launch.java:135) [launchwrapper-1.12.jar:?]
	at net.minecraft.launchwrapper.Launch.main(Launch.java:28) [launchwrapper-1.12.jar:?]
	at sun.reflect.NativeMethodAccessorImpl.invoke0(Native Method) ~[?:1.8.0_112]
	at sun.reflect.NativeMethodAccessorImpl.invoke(NativeMethodAccessorImpl.java:62) ~[?:1.8.0_112]
	at sun.reflect.DelegatingMethodAccessorImpl.invoke(DelegatingMethodAccessorImpl.java:43) ~[?:1.8.0_112]
	at java.lang.reflect.Method.invoke(Method.java:498) ~[?:1.8.0_112]
	at net.minecraftforge.gradle.GradleStartCommon.launch(GradleStartCommon.java:97) [start/:?]
	at GradleStart.main(GradleStart.java:25) [start/:?]
	at sun.reflect.NativeMethodAccessorImpl.invoke0(Native Method) ~[?:1.8.0_112]
	at sun.reflect.NativeMethodAccessorImpl.invoke(NativeMethodAccessorImpl.java:62) ~[?:1.8.0_112]
	at sun.reflect.DelegatingMethodAccessorImpl.invoke(DelegatingMethodAccessorImpl.java:43) ~[?:1.8.0_112]
	at java.lang.reflect.Method.invoke(Method.java:498) ~[?:1.8.0_112]
	at com.intellij.rt.execution.application.AppMain.main(AppMain.java:147) [idea_rt.jar:?]
Caused by: java.lang.NoClassDefFoundError: net/minecraft/world/World
	at net.minecraft.client.main.Main.main(Main.java:42) ~[Main.class:?]
	... 17 more
Caused by: java.lang.ClassNotFoundException: net.minecraft.world.World
	at net.minecraft.launchwrapper.LaunchClassLoader.findClass(LaunchClassLoader.java:191) ~[launchwrapper-1.12.jar:?]
	at java.lang.ClassLoader.loadClass(ClassLoader.java:424) ~[?:1.8.0_112]
	at java.lang.ClassLoader.loadClass(ClassLoader.java:357) ~[?:1.8.0_112]
	at net.minecraft.client.main.Main.main(Main.java:42) ~[Main.class:?]
	... 17 more
Caused by: org.spongepowered.asm.mixin.transformer.throwables.MixinTransformerError: An unexpected critical error was encountered
	at org.spongepowered.asm.mixin.transformer.MixinTransformer.transformClassBytes(MixinTransformer.java:521) ~[nVW-1.1.jar:?]
	at org.spongepowered.asm.mixin.transformer.Proxy.transform(Proxy.java:72) ~[nVW-1.1.jar:?]
	at net.minecraft.launchwrapper.LaunchClassLoader.runTransformers(LaunchClassLoader.java:279) ~[launchwrapper-1.12.jar:?]
	at net.minecraft.launchwrapper.LaunchClassLoader.findClass(LaunchClassLoader.java:176) ~[launchwrapper-1.12.jar:?]
	at java.lang.ClassLoader.loadClass(ClassLoader.java:424) ~[?:1.8.0_112]
	at java.lang.ClassLoader.loadClass(ClassLoader.java:357) ~[?:1.8.0_112]
	at net.minecraft.client.main.Main.main(Main.java:42) ~[Main.class:?]
	... 17 more
Caused by: org.spongepowered.asm.mixin.throwables.MixinApplyError: Mixin [mixins.valkyrienwarfare.json:world.MixinWorldClient] from phase [DEFAULT] in config [mixins.valkyrienwarfare.json] FAILED during APPLY
	at org.spongepowered.asm.mixin.transformer.MixinTransformer.handleMixinError(MixinTransformer.java:779) ~[nVW-1.1.jar:?]
	at org.spongepowered.asm.mixin.transformer.MixinTransformer.handleMixinApplyError(MixinTransformer.java:732) ~[nVW-1.1.jar:?]
	at org.spongepowered.asm.mixin.transformer.MixinTransformer.transformClassBytes(MixinTransformer.java:513) ~[nVW-1.1.jar:?]
	at org.spongepowered.asm.mixin.transformer.Proxy.transform(Proxy.java:72) ~[nVW-1.1.jar:?]
	at net.minecraft.launchwrapper.LaunchClassLoader.runTransformers(LaunchClassLoader.java:279) ~[launchwrapper-1.12.jar:?]
	at net.minecraft.launchwrapper.LaunchClassLoader.findClass(LaunchClassLoader.java:176) ~[launchwrapper-1.12.jar:?]
	at java.lang.ClassLoader.loadClass(ClassLoader.java:424) ~[?:1.8.0_112]
	at java.lang.ClassLoader.loadClass(ClassLoader.java:357) ~[?:1.8.0_112]
	at net.minecraft.client.main.Main.main(Main.java:42) ~[Main.class:?]
	... 17 more
Caused by: org.spongepowered.asm.mixin.transformer.throwables.InvalidMixinException: @Shadow method getChunk in mixins.valkyrienwarfare.json:world.MixinWorldClient was not located in the target class net.minecraft.world.World. No refMap loaded.
	at org.spongepowered.asm.mixin.transformer.MixinPreProcessorStandard.attachSpecialMethod(MixinPreProcessorStandard.java:387) ~[nVW-1.1.jar:?]
	at org.spongepowered.asm.mixin.transformer.MixinPreProcessorStandard.attachShadowMethod(MixinPreProcessorStandard.java:360) ~[nVW-1.1.jar:?]
	at org.spongepowered.asm.mixin.transformer.MixinPreProcessorStandard.attachMethods(MixinPreProcessorStandard.java:293) ~[nVW-1.1.jar:?]
	at org.spongepowered.asm.mixin.transformer.MixinPreProcessorStandard.attach(MixinPreProcessorStandard.java:261) ~[nVW-1.1.jar:?]
	at org.spongepowered.asm.mixin.transformer.MixinPreProcessorStandard.createContextFor(MixinPreProcessorStandard.java:241) ~[nVW-1.1.jar:?]
	at org.spongepowered.asm.mixin.transformer.MixinInfo.createContextFor(MixinInfo.java:1144) ~[nVW-1.1.jar:?]
	at org.spongepowered.asm.mixin.transformer.MixinApplicatorStandard.apply(MixinApplicatorStandard.java:267) ~[nVW-1.1.jar:?]
	at org.spongepowered.asm.mixin.transformer.TargetClassContext.applyMixins(TargetClassContext.java:353) ~[nVW-1.1.jar:?]
	at org.spongepowered.asm.mixin.transformer.MixinTransformer.apply(MixinTransformer.java:724) ~[nVW-1.1.jar:?]
	at org.spongepowered.asm.mixin.transformer.MixinTransformer.applyMixins(MixinTransformer.java:703) ~[nVW-1.1.jar:?]
	at org.spongepowered.asm.mixin.transformer.MixinTransformer.transformClassBytes(MixinTransformer.java:509) ~[nVW-1.1.jar:?]
	at org.spongepowered.asm.mixin.transformer.Proxy.transform(Proxy.java:72) ~[nVW-1.1.jar:?]
	at net.minecraft.launchwrapper.LaunchClassLoader.runTransformers(LaunchClassLoader.java:279) ~[launchwrapper-1.12.jar:?]
	at net.minecraft.launchwrapper.LaunchClassLoader.findClass(LaunchClassLoader.java:176) ~[launchwrapper-1.12.jar:?]
	at java.lang.ClassLoader.loadClass(ClassLoader.java:424) ~[?:1.8.0_112]
	at java.lang.ClassLoader.loadClass(ClassLoader.java:357) ~[?:1.8.0_112]
	at net.minecraft.client.main.Main.main(Main.java:42) ~[Main.class:?]
	... 17 more
[17:46:46] [main/INFO] [STDERR]: [java.lang.ThreadGroup:uncaughtException:1052]: java.lang.reflect.InvocationTargetException
[17:46:46] [main/INFO] [STDERR]: [java.lang.ThreadGroup:uncaughtException:1052]: 	at sun.reflect.NativeMethodAccessorImpl.invoke0(Native Method)
[17:46:46] [main/INFO] [STDERR]: [java.lang.ThreadGroup:uncaughtException:1052]: 	at sun.reflect.NativeMethodAccessorImpl.invoke(NativeMethodAccessorImpl.java:62)
[17:46:46] [main/INFO] [STDERR]: [java.lang.ThreadGroup:uncaughtException:1052]: 	at sun.reflect.DelegatingMethodAccessorImpl.invoke(DelegatingMethodAccessorImpl.java:43)
[17:46:46] [main/INFO] [STDERR]: [java.lang.ThreadGroup:uncaughtException:1052]: 	at java.lang.reflect.Method.invoke(Method.java:498)
[17:46:46] [main/INFO] [STDERR]: [java.lang.ThreadGroup:uncaughtException:1052]: 	at net.minecraftforge.gradle.GradleStartCommon.launch(GradleStartCommon.java:97)
[17:46:46] [main/INFO] [STDERR]: [java.lang.ThreadGroup:uncaughtException:1052]: 	at GradleStart.main(GradleStart.java:25)
[17:46:46] [main/INFO] [STDERR]: [java.lang.ThreadGroup:uncaughtException:1052]: 	at sun.reflect.NativeMethodAccessorImpl.invoke0(Native Method)
[17:46:46] [main/INFO] [STDERR]: [java.lang.ThreadGroup:uncaughtException:1052]: 	at sun.reflect.NativeMethodAccessorImpl.invoke(NativeMethodAccessorImpl.java:62)
[17:46:46] [main/INFO] [STDERR]: [java.lang.ThreadGroup:uncaughtException:1052]: 	at sun.reflect.DelegatingMethodAccessorImpl.invoke(DelegatingMethodAccessorImpl.java:43)
[17:46:46] [main/INFO] [STDERR]: [java.lang.ThreadGroup:uncaughtException:1052]: 	at java.lang.reflect.Method.invoke(Method.java:498)
[17:46:46] [main/INFO] [STDERR]: [java.lang.ThreadGroup:uncaughtException:1052]: 	at com.intellij.rt.execution.application.AppMain.main(AppMain.java:147)
[17:46:46] [main/INFO] [STDERR]: [java.lang.ThreadGroup:uncaughtException:1061]: Caused by: net.minecraftforge.fml.relauncher.FMLSecurityManager$ExitTrappedException
[17:46:46] [main/INFO] [STDERR]: [java.lang.ThreadGroup:uncaughtException:1061]: 	at net.minecraftforge.fml.relauncher.FMLSecurityManager.checkPermission(FMLSecurityManager.java:49)
[17:46:46] [main/INFO] [STDERR]: [java.lang.ThreadGroup:uncaughtException:1061]: 	at java.lang.SecurityManager.checkExit(SecurityManager.java:761)
[17:46:46] [main/INFO] [STDERR]: [java.lang.ThreadGroup:uncaughtException:1061]: 	at java.lang.Runtime.exit(Runtime.java:107)
[17:46:46] [main/INFO] [STDERR]: [java.lang.ThreadGroup:uncaughtException:1061]: 	at java.lang.System.exit(System.java:971)
[17:46:46] [main/INFO] [STDERR]: [java.lang.ThreadGroup:uncaughtException:1061]: 	at net.minecraft.launchwrapper.Launch.launch(Launch.java:138)
[17:46:46] [main/INFO] [STDERR]: [java.lang.ThreadGroup:uncaughtException:1061]: 	at net.minecraft.launchwrapper.Launch.main(Launch.java:28)
[17:46:46] [main/INFO] [STDERR]: [java.lang.ThreadGroup:uncaughtException:1061]: 	... 11 more
